{
  "stats": {
    "suites": 12,
    "tests": 41,
    "passes": 21,
    "pending": 0,
    "failures": 20,
    "start": "2022-01-06T11:32:51.338Z",
    "end": "2022-01-06T11:34:21.385Z",
    "duration": 90047,
    "testsRegistered": 41,
    "passPercent": 51.21951219512195,
    "pendingPercent": 0,
    "other": 0,
    "hasOther": false,
    "skipped": 0,
    "hasSkipped": false
  },
  "results": [
    {
      "uuid": "07dc896d-e35f-4547-8509-3311f4f9c3e3",
      "title": "",
      "fullFile": "cypress/integration/project.spec.js",
      "file": "cypress/integration/project.spec.js",
      "beforeHooks": [],
      "afterHooks": [],
      "tests": [],
      "suites": [
        {
          "uuid": "46c83bd3-cc4b-4ac0-855b-9f5f07098b5e",
          "title": "1 - Adicione à página o título \"Paleta de Cores\".",
          "fullFile": "",
          "file": "",
          "beforeHooks": [],
          "afterHooks": [],
          "tests": [
            {
              "title": "Verifica se contém um elemento `h1` com o id `title` com o título correto",
              "fullTitle": "1 - Adicione à página o título \"Paleta de Cores\". Verifica se contém um elemento `h1` com o id `title` com o título correto",
              "timedOut": null,
              "duration": 137,
              "state": "passed",
              "speed": "slow",
              "pass": true,
              "fail": false,
              "pending": false,
              "context": null,
              "code": "cy.get('h1#title').should('contain.text', 'Paleta de Cores');",
              "err": {},
              "uuid": "70744880-4cfb-49d1-8d1d-3fab897b0440",
              "parentUUID": "46c83bd3-cc4b-4ac0-855b-9f5f07098b5e",
              "isHook": false,
              "skipped": false
            }
          ],
          "suites": [],
          "passes": [
            "70744880-4cfb-49d1-8d1d-3fab897b0440"
          ],
          "failures": [],
          "pending": [],
          "skipped": [],
          "duration": 137,
          "root": false,
          "rootEmpty": false,
          "_timeout": 2000
        },
        {
          "uuid": "0ab7ec7e-1706-466e-9bb9-1c3ae84ede94",
          "title": "2 - Adicione à página uma paleta de quatro cores distintas.",
          "fullFile": "",
          "file": "",
          "beforeHooks": [],
          "afterHooks": [],
          "tests": [
            {
              "title": "A paleta de cores deve ser um elemento com `id` denominado `color-palette`",
              "fullTitle": "2 - Adicione à página uma paleta de quatro cores distintas. A paleta de cores deve ser um elemento com `id` denominado `color-palette`",
              "timedOut": null,
              "duration": 80,
              "state": "passed",
              "speed": "slow",
              "pass": true,
              "fail": false,
              "pending": false,
              "context": null,
              "code": "cy.get('#color-palette').should('be.visible');\ncy.get('#color-palette').children('.color');",
              "err": {},
              "uuid": "6b9282f4-39cc-4c99-9136-690022fdb323",
              "parentUUID": "0ab7ec7e-1706-466e-9bb9-1c3ae84ede94",
              "isHook": false,
              "skipped": false
            },
            {
              "title": "Verifica se cada cor individual da paleta de cores possui a `classe` chamada `color`.",
              "fullTitle": "2 - Adicione à página uma paleta de quatro cores distintas. Verifica se cada cor individual da paleta de cores possui a `classe` chamada `color`.",
              "timedOut": null,
              "duration": 106,
              "state": "passed",
              "speed": "slow",
              "pass": true,
              "fail": false,
              "pending": false,
              "context": null,
              "code": "cy.get('.color').should('have.length', 4).then(function (colors) {\n  for (var i = 0; i < colors.length; i++) {\n    cy.wrap(colors[i]).should('be.visible');\n  }\n});",
              "err": {},
              "uuid": "43424398-517f-4494-9b94-054b2ed85555",
              "parentUUID": "0ab7ec7e-1706-466e-9bb9-1c3ae84ede94",
              "isHook": false,
              "skipped": false
            },
            {
              "title": "Verifica se a cor de fundo de cada elemento da paleta é a cor que o elemento representa. **A única cor não permitida na paleta é a cor branca.**",
              "fullTitle": "2 - Adicione à página uma paleta de quatro cores distintas. Verifica se a cor de fundo de cada elemento da paleta é a cor que o elemento representa. **A única cor não permitida na paleta é a cor branca.**",
              "timedOut": null,
              "duration": 86,
              "state": "passed",
              "speed": "slow",
              "pass": true,
              "fail": false,
              "pending": false,
              "context": null,
              "code": "cy.get('.color').each(function (color) {\n  cy.wrap(color).should('have.class', 'color').and('not.have.css', 'background-color', WHITE);\n  cy.wrap(color).should('have.css', 'background-color');\n});",
              "err": {},
              "uuid": "de680ebc-0503-456a-89c6-f0fdf4438caf",
              "parentUUID": "0ab7ec7e-1706-466e-9bb9-1c3ae84ede94",
              "isHook": false,
              "skipped": false
            },
            {
              "title": "Verifica se cada elemento da paleta de cores tem uma borda preta, sólida e com 1 pixel de largura;",
              "fullTitle": "2 - Adicione à página uma paleta de quatro cores distintas. Verifica se cada elemento da paleta de cores tem uma borda preta, sólida e com 1 pixel de largura;",
              "timedOut": null,
              "duration": 77,
              "state": "passed",
              "speed": "slow",
              "pass": true,
              "fail": false,
              "pending": false,
              "context": null,
              "code": "cy.get('.color').each(function (color) {\n  cy.wrap(color).and('have.css', 'border', \"1px solid \".concat(BLACK)).and('have.class', 'color');\n});",
              "err": {},
              "uuid": "313171e0-449d-4b6a-92f2-5ec8295c0f9a",
              "parentUUID": "0ab7ec7e-1706-466e-9bb9-1c3ae84ede94",
              "isHook": false,
              "skipped": false
            },
            {
              "title": "Verifica se a paleta lista todas as cores disponíveis para utilização, lado a lado.",
              "fullTitle": "2 - Adicione à página uma paleta de quatro cores distintas. Verifica se a paleta lista todas as cores disponíveis para utilização, lado a lado.",
              "timedOut": null,
              "duration": 96,
              "state": "passed",
              "speed": "slow",
              "pass": true,
              "fail": false,
              "pending": false,
              "context": null,
              "code": "cy.get('.color').then(function (colors) {\n  for (var index = 1; index < colors.length; index += 1) {\n    var currentColor = colors[index];\n    var previousColor = colors[index - 1];\n    cy.wrap(currentColor).should('be.onTheRightOf', previousColor).and('be.horizontallyAlignedWith', previousColor);\n  }\n});",
              "err": {},
              "uuid": "8f7d8e79-6b3c-4174-9d95-219c62342670",
              "parentUUID": "0ab7ec7e-1706-466e-9bb9-1c3ae84ede94",
              "isHook": false,
              "skipped": false
            },
            {
              "title": "Verifica se a paleta de cores está posicionada abaixo do título 'Paleta de Cores'",
              "fullTitle": "2 - Adicione à página uma paleta de quatro cores distintas. Verifica se a paleta de cores está posicionada abaixo do título 'Paleta de Cores'",
              "timedOut": null,
              "duration": 88,
              "state": "passed",
              "speed": "slow",
              "pass": true,
              "fail": false,
              "pending": false,
              "context": null,
              "code": "cy.get('h1#title').then(function (title) {\n  cy.get('#color-palette').should('be.belowOf', title);\n});",
              "err": {},
              "uuid": "6d8cef0a-d8a5-4c6f-97b4-5f966dc0e402",
              "parentUUID": "0ab7ec7e-1706-466e-9bb9-1c3ae84ede94",
              "isHook": false,
              "skipped": false
            },
            {
              "title": "Verifica se a paleta de cores não contém cores repetidas.",
              "fullTitle": "2 - Adicione à página uma paleta de quatro cores distintas. Verifica se a paleta de cores não contém cores repetidas.",
              "timedOut": null,
              "duration": 93,
              "state": "passed",
              "speed": "slow",
              "pass": true,
              "fail": false,
              "pending": false,
              "context": null,
              "code": "cy.get('.color').then(function (colors) {\n  var allColors = Array.from(colors).map(function (color) {\n    return Cypress.$(color).css('background-color');\n  });\n  cy.log(allColors);\n  var uniqColors = (0, _toConsumableArray2[\"default\"])(new Set(allColors));\n  cy.log(uniqColors);\n  expect(allColors.length).to.eq(uniqColors.length);\n});",
              "err": {},
              "uuid": "e4d512ce-c1fd-46ca-9ea5-9263aef292ad",
              "parentUUID": "0ab7ec7e-1706-466e-9bb9-1c3ae84ede94",
              "isHook": false,
              "skipped": false
            }
          ],
          "suites": [],
          "passes": [
            "6b9282f4-39cc-4c99-9136-690022fdb323",
            "43424398-517f-4494-9b94-054b2ed85555",
            "de680ebc-0503-456a-89c6-f0fdf4438caf",
            "313171e0-449d-4b6a-92f2-5ec8295c0f9a",
            "8f7d8e79-6b3c-4174-9d95-219c62342670",
            "6d8cef0a-d8a5-4c6f-97b4-5f966dc0e402",
            "e4d512ce-c1fd-46ca-9ea5-9263aef292ad"
          ],
          "failures": [],
          "pending": [],
          "skipped": [],
          "duration": 626,
          "root": false,
          "rootEmpty": false,
          "_timeout": 2000
        },
        {
          "uuid": "15e252bd-77ee-4612-acd8-da82825a7aa5",
          "title": "3 - Adicione a cor **preta** como a primeira cor da paleta de cores.",
          "fullFile": "",
          "file": "",
          "beforeHooks": [],
          "afterHooks": [],
          "tests": [
            {
              "title": "Verifica se a primeira cor da paleta é preta",
              "fullTitle": "3 - Adicione a cor **preta** como a primeira cor da paleta de cores. Verifica se a primeira cor da paleta é preta",
              "timedOut": null,
              "duration": 77,
              "state": "passed",
              "speed": "slow",
              "pass": true,
              "fail": false,
              "pending": false,
              "context": null,
              "code": "cy.get('.color').first().should('have.css', 'background-color', BLACK);",
              "err": {},
              "uuid": "4048658c-44c9-4c06-afca-4354d771e622",
              "parentUUID": "15e252bd-77ee-4612-acd8-da82825a7aa5",
              "isHook": false,
              "skipped": false
            },
            {
              "title": "Verifica se as demais cores podem ser escolhidas livremente.",
              "fullTitle": "3 - Adicione a cor **preta** como a primeira cor da paleta de cores. Verifica se as demais cores podem ser escolhidas livremente.",
              "timedOut": null,
              "duration": 129,
              "state": "passed",
              "speed": "slow",
              "pass": true,
              "fail": false,
              "pending": false,
              "context": null,
              "code": "cy.get('.color').eq(1).should('not.have.css', 'background-color', BLACK);\ncy.get('.color').eq(1).should('not.have.css', 'background-color', WHITE);\ncy.get('.color').eq(1).should('not.have.css', 'background-color', 'rgba(0, 0, 0, 0)');\ncy.get('.color').eq(1).should('have.css', 'background-color');\ncy.get('.color').eq(2).should('not.have.css', 'background-color', BLACK);\ncy.get('.color').eq(2).should('not.have.css', 'background-color', WHITE);\ncy.get('.color').eq(2).should('not.have.css', 'background-color', 'rgba(0, 0, 0, 0)');\ncy.get('.color').eq(2).should('have.css', 'background-color');\ncy.get('.color').eq(3).should('not.have.css', 'background-color', BLACK);\ncy.get('.color').eq(3).should('not.have.css', 'background-color', WHITE);\ncy.get('.color').eq(3).should('not.have.css', 'background-color', 'rgba(0, 0, 0, 0)');\ncy.get('.color').eq(3).should('have.css', 'background-color');",
              "err": {},
              "uuid": "03f7845b-ecfb-448b-b52d-36232b20ea7f",
              "parentUUID": "15e252bd-77ee-4612-acd8-da82825a7aa5",
              "isHook": false,
              "skipped": false
            }
          ],
          "suites": [],
          "passes": [
            "4048658c-44c9-4c06-afca-4354d771e622",
            "03f7845b-ecfb-448b-b52d-36232b20ea7f"
          ],
          "failures": [],
          "pending": [],
          "skipped": [],
          "duration": 206,
          "root": false,
          "rootEmpty": false,
          "_timeout": 2000
        },
        {
          "uuid": "8f429b9a-08a0-415c-899a-0b0341923ea4",
          "title": "4 - Adicione à página um quadro de pixels, com 25 pixels.",
          "fullFile": "",
          "file": "",
          "beforeHooks": [],
          "afterHooks": [],
          "tests": [
            {
              "title": "Verifica se o quadro de pixels possui o `id` denominado `pixel-board`",
              "fullTitle": "4 - Adicione à página um quadro de pixels, com 25 pixels. Verifica se o quadro de pixels possui o `id` denominado `pixel-board`",
              "timedOut": null,
              "duration": 74,
              "state": "passed",
              "speed": "medium",
              "pass": true,
              "fail": false,
              "pending": false,
              "context": null,
              "code": "cy.get('#pixel-board').should('be.visible');",
              "err": {},
              "uuid": "186319fd-029b-4b03-921c-9c7c0329c992",
              "parentUUID": "8f429b9a-08a0-415c-899a-0b0341923ea4",
              "isHook": false,
              "skipped": false
            },
            {
              "title": "Verifica se cada pixel individual dentro do quadro possui a `classe` denominada `pixel`.",
              "fullTitle": "4 - Adicione à página um quadro de pixels, com 25 pixels. Verifica se cada pixel individual dentro do quadro possui a `classe` denominada `pixel`.",
              "timedOut": null,
              "duration": 88,
              "state": "passed",
              "speed": "slow",
              "pass": true,
              "fail": false,
              "pending": false,
              "context": null,
              "code": "cy.get('.pixel').should('have.length', 25);",
              "err": {},
              "uuid": "6122d8e1-e683-489f-b975-ab96932e8267",
              "parentUUID": "8f429b9a-08a0-415c-899a-0b0341923ea4",
              "isHook": false,
              "skipped": false
            },
            {
              "title": "Verifica se a cor inicial dos pixels dentro do quadro, ao abrir a página, é branca.",
              "fullTitle": "4 - Adicione à página um quadro de pixels, com 25 pixels. Verifica se a cor inicial dos pixels dentro do quadro, ao abrir a página, é branca.",
              "timedOut": null,
              "duration": 118,
              "state": "passed",
              "speed": "slow",
              "pass": true,
              "fail": false,
              "pending": false,
              "context": null,
              "code": "cy.get('.pixel').should('have.length', 25).each(function (pixel) {\n  expect(pixel).to.have.css('background-color', WHITE);\n});",
              "err": {},
              "uuid": "171bec78-5b7d-4cb4-998d-89c7c2a8bb8f",
              "parentUUID": "8f429b9a-08a0-415c-899a-0b0341923ea4",
              "isHook": false,
              "skipped": false
            },
            {
              "title": "Verifica se o quadro de pixels aparece abaixo da paleta de cores",
              "fullTitle": "4 - Adicione à página um quadro de pixels, com 25 pixels. Verifica se o quadro de pixels aparece abaixo da paleta de cores",
              "timedOut": null,
              "duration": 76,
              "state": "passed",
              "speed": "slow",
              "pass": true,
              "fail": false,
              "pending": false,
              "context": null,
              "code": "cy.get('#color-palette').then(function (palette) {\n  cy.get('#pixel-board').should('be.belowOf', palette);\n});",
              "err": {},
              "uuid": "7804cd57-8436-4184-8563-3a6c71f72433",
              "parentUUID": "8f429b9a-08a0-415c-899a-0b0341923ea4",
              "isHook": false,
              "skipped": false
            }
          ],
          "suites": [],
          "passes": [
            "186319fd-029b-4b03-921c-9c7c0329c992",
            "6122d8e1-e683-489f-b975-ab96932e8267",
            "171bec78-5b7d-4cb4-998d-89c7c2a8bb8f",
            "7804cd57-8436-4184-8563-3a6c71f72433"
          ],
          "failures": [],
          "pending": [],
          "skipped": [],
          "duration": 356,
          "root": false,
          "rootEmpty": false,
          "_timeout": 2000
        },
        {
          "uuid": "c712ff04-c0e0-4548-8305-26f7127d2a85",
          "title": "5 - Faça com que cada elemento do quadro de pixels possua 40 pixels de largura, 40 pixels de altura e seja delimitado por uma borda preta de 1 pixel.",
          "fullFile": "",
          "file": "",
          "beforeHooks": [],
          "afterHooks": [],
          "tests": [
            {
              "title": "Verifica se o quadro de pixels tem altura e comprimento de 5 elementos",
              "fullTitle": "5 - Faça com que cada elemento do quadro de pixels possua 40 pixels de largura, 40 pixels de altura e seja delimitado por uma borda preta de 1 pixel. Verifica se o quadro de pixels tem altura e comprimento de 5 elementos",
              "timedOut": null,
              "duration": 212,
              "state": "passed",
              "speed": "slow",
              "pass": true,
              "fail": false,
              "pending": false,
              "context": null,
              "code": "cy.get('.pixel').should('have.length', 25).each(function (pixel) {\n  expect(pixel).to.have.css('background-color', WHITE);\n}).and(function (pixels) {\n  var rows = chunk(pixels, 5);\n  rows.forEach(function (row) {\n    for (var index = 1; index < row.length; index += 1) {\n      var current = pixels[index];\n      var previous = pixels[index - 1];\n      cy.wrap(current).should('be.onTheRightOf', previous).and('be.horizontallyAlignedWith', previous);\n    }\n  });\n  for (var index = 1; index < 5; index += 1) {\n    expect(pixels[index * 5]).to.be.belowOf(pixels[(index - 1) * 5]);\n  }\n});",
              "err": {},
              "uuid": "32c4fdf8-7ddc-4521-9e06-e4bc3635f2cc",
              "parentUUID": "c712ff04-c0e0-4548-8305-26f7127d2a85",
              "isHook": false,
              "skipped": false
            },
            {
              "title": "Verifica se 40 pixels é o tamanho total do elemento, incluindo seu conteúdo e excluindo a borda preta, que deve ser criada à parte.",
              "fullTitle": "5 - Faça com que cada elemento do quadro de pixels possua 40 pixels de largura, 40 pixels de altura e seja delimitado por uma borda preta de 1 pixel. Verifica se 40 pixels é o tamanho total do elemento, incluindo seu conteúdo e excluindo a borda preta, que deve ser criada à parte.",
              "timedOut": null,
              "duration": 202,
              "state": "passed",
              "speed": "slow",
              "pass": true,
              "fail": false,
              "pending": false,
              "context": null,
              "code": "cy.get('.pixel').each(function (pixel) {\n  cy.wrap(pixel).should('have.css', 'height', '40px').and('have.css', 'width', '40px').and('have.css', 'border', \"1px solid \".concat(BLACK));\n});",
              "err": {},
              "uuid": "322c12d0-3192-44bb-bffe-aaa2b8e16a30",
              "parentUUID": "c712ff04-c0e0-4548-8305-26f7127d2a85",
              "isHook": false,
              "skipped": false
            }
          ],
          "suites": [],
          "passes": [
            "32c4fdf8-7ddc-4521-9e06-e4bc3635f2cc",
            "322c12d0-3192-44bb-bffe-aaa2b8e16a30"
          ],
          "failures": [],
          "pending": [],
          "skipped": [],
          "duration": 414,
          "root": false,
          "rootEmpty": false,
          "_timeout": 2000
        },
        {
          "uuid": "2be968e0-d90e-439f-99ab-d8a337eb3065",
          "title": "6 - Defina a cor preta como cor inicial. Ao carregar a página a cor preta já deve estar selecionada para pintar os pixels",
          "fullFile": "",
          "file": "",
          "beforeHooks": [],
          "afterHooks": [],
          "tests": [
            {
              "title": "Verifica se o elemento da cor preta possui, inicialmente, a `classe` `selected`",
              "fullTitle": "6 - Defina a cor preta como cor inicial. Ao carregar a página a cor preta já deve estar selecionada para pintar os pixels Verifica se o elemento da cor preta possui, inicialmente, a `classe` `selected`",
              "timedOut": null,
              "duration": 71,
              "state": "passed",
              "speed": "medium",
              "pass": true,
              "fail": false,
              "pending": false,
              "context": null,
              "code": "cy.get('.selected').first().should('have.css', 'background-color', BLACK);",
              "err": {},
              "uuid": "054ed7d6-9ada-40b7-9e62-07913c8d461c",
              "parentUUID": "2be968e0-d90e-439f-99ab-d8a337eb3065",
              "isHook": false,
              "skipped": false
            },
            {
              "title": "Verifica se nenhuma outra cor da paleta tem a `classe` `selected`",
              "fullTitle": "6 - Defina a cor preta como cor inicial. Ao carregar a página a cor preta já deve estar selecionada para pintar os pixels Verifica se nenhuma outra cor da paleta tem a `classe` `selected`",
              "timedOut": null,
              "duration": 63,
              "state": "passed",
              "speed": "medium",
              "pass": true,
              "fail": false,
              "pending": false,
              "context": null,
              "code": "cy.get('.color:not(:first-child)').each(function (color) {\n  cy.wrap(color).should('not.have.class', 'selected');\n});",
              "err": {},
              "uuid": "4651a3bb-0aa6-4499-ae64-2735d4bf2638",
              "parentUUID": "2be968e0-d90e-439f-99ab-d8a337eb3065",
              "isHook": false,
              "skipped": false
            }
          ],
          "suites": [],
          "passes": [
            "054ed7d6-9ada-40b7-9e62-07913c8d461c",
            "4651a3bb-0aa6-4499-ae64-2735d4bf2638"
          ],
          "failures": [],
          "pending": [],
          "skipped": [],
          "duration": 134,
          "root": false,
          "rootEmpty": false,
          "_timeout": 2000
        },
        {
          "uuid": "576fef9c-e3c0-47e6-914d-ecf8d43a906d",
          "title": "7 - Clicar em uma das cores da paleta, faz com que ela seja selecionada e utilizada para preencher os pixels no quadro.",
          "fullFile": "",
          "file": "",
          "beforeHooks": [],
          "afterHooks": [],
          "tests": [
            {
              "title": "Verifica se somente uma cor da paleta de cores tem a classe `selected` de cada vez",
              "fullTitle": "7 - Clicar em uma das cores da paleta, faz com que ela seja selecionada e utilizada para preencher os pixels no quadro. Verifica se somente uma cor da paleta de cores tem a classe `selected` de cada vez",
              "timedOut": null,
              "duration": 424,
              "state": "passed",
              "speed": "slow",
              "pass": true,
              "fail": false,
              "pending": false,
              "context": null,
              "code": "cy.get('.color').each(function (selectedColor, selectedColorIndex) {\n  cy.wrap(selectedColor).click();\n  cy.get('.color').each(function (color, colorIndex) {\n    if (colorIndex === selectedColorIndex) {\n      expect(color).to.have[\"class\"]('selected');\n    } else {\n      expect(color).not.to.have[\"class\"]('selected');\n    }\n  });\n});",
              "err": {},
              "uuid": "21bc153a-4c63-4ac2-981d-fb4358757b1e",
              "parentUUID": "576fef9c-e3c0-47e6-914d-ecf8d43a906d",
              "isHook": false,
              "skipped": false
            },
            {
              "title": "Verifica se os pixels dentro do quadro não têm a classe `selected` quando são clicados",
              "fullTitle": "7 - Clicar em uma das cores da paleta, faz com que ela seja selecionada e utilizada para preencher os pixels no quadro. Verifica se os pixels dentro do quadro não têm a classe `selected` quando são clicados",
              "timedOut": null,
              "duration": 8406,
              "state": "passed",
              "speed": "slow",
              "pass": true,
              "fail": false,
              "pending": false,
              "context": null,
              "code": "cy.get('.color').each(function (color) {\n  var backgroundColor = color.css('background-color');\n  cy.wrap(color).click();\n  cy.get('.pixel').each(function (pixel) {\n    cy.wrap(pixel).click().should('not.have.class', 'selected');\n  });\n});",
              "err": {},
              "uuid": "ead804b1-9086-44fa-9918-1721158dc11d",
              "parentUUID": "576fef9c-e3c0-47e6-914d-ecf8d43a906d",
              "isHook": false,
              "skipped": false
            }
          ],
          "suites": [],
          "passes": [
            "21bc153a-4c63-4ac2-981d-fb4358757b1e",
            "ead804b1-9086-44fa-9918-1721158dc11d"
          ],
          "failures": [],
          "pending": [],
          "skipped": [],
          "duration": 8830,
          "root": false,
          "rootEmpty": false,
          "_timeout": 2000
        },
        {
          "uuid": "812e87f4-4333-4f52-bada-9eb4e5f678ad",
          "title": "8 - Clicar em um pixel dentro do quadro após selecionar uma cor na paleta, faz com que o pixel seja preenchido com a cor selecionada.",
          "fullFile": "",
          "file": "",
          "beforeHooks": [],
          "afterHooks": [],
          "tests": [
            {
              "title": "Verifica se ao carregar a página deve ser possível pintar os pixels de preto",
              "fullTitle": "8 - Clicar em um pixel dentro do quadro após selecionar uma cor na paleta, faz com que o pixel seja preenchido com a cor selecionada. Verifica se ao carregar a página deve ser possível pintar os pixels de preto",
              "timedOut": null,
              "duration": 4339,
              "state": "failed",
              "speed": null,
              "pass": false,
              "fail": true,
              "pending": false,
              "context": null,
              "code": "cy.get('.pixel').each(function (pixel) {\n  cy.wrap(pixel).click().should('have.css', 'background-color', BLACK);\n});",
              "err": {
                "message": "CypressError: Timed out retrying: expected '<div.pixel>' to have CSS property 'background-color' with the value 'rgb(0, 0, 0)', but the value was 'rgb(255, 255, 255)'",
                "estack": "CypressError: Timed out retrying: expected '<div.pixel>' to have CSS property 'background-color' with the value 'rgb(0, 0, 0)', but the value was 'rgb(255, 255, 255)'\n    at cypressErr (http://localhost:46039/__cypress/runner/cypress_runner.js:149934:9)\n    at throwErr (http://localhost:46039/__cypress/runner/cypress_runner.js:149867:11)\n    at Object.throwErrByPath (http://localhost:46039/__cypress/runner/cypress_runner.js:149915:3)\n    at retry (http://localhost:46039/__cypress/runner/cypress_runner.js:144197:19)\n    at onFailFn (http://localhost:46039/__cypress/runner/cypress_runner.js:132448:16)\n    at tryCatcher (http://localhost:46039/__cypress/runner/cypress_runner.js:167415:23)\n    at Promise._settlePromiseFromHandler (http://localhost:46039/__cypress/runner/cypress_runner.js:165351:31)\n    at Promise._settlePromise (http://localhost:46039/__cypress/runner/cypress_runner.js:165408:18)\n    at Promise._settlePromise0 (http://localhost:46039/__cypress/runner/cypress_runner.js:165453:10)\n    at Promise._settlePromises (http://localhost:46039/__cypress/runner/cypress_runner.js:165528:18)\n    at Async../node_modules/bluebird/js/release/async.js.Async._drainQueue (http://localhost:46039/__cypress/runner/cypress_runner.js:162140:16)\n    at Async../node_modules/bluebird/js/release/async.js.Async._drainQueues (http://localhost:46039/__cypress/runner/cypress_runner.js:162150:10)\n    at Async.drainQueues (http://localhost:46039/__cypress/runner/cypress_runner.js:162024:14)",
                "diff": null
              },
              "uuid": "42facf09-8637-4fc8-b5ff-b2d70f02d538",
              "parentUUID": "812e87f4-4333-4f52-bada-9eb4e5f678ad",
              "isHook": false,
              "skipped": false
            },
            {
              "title": "Verifica se após selecionar uma outra cor na paleta, é possível pintar os pixels com essa cor",
              "fullTitle": "8 - Clicar em um pixel dentro do quadro após selecionar uma cor na paleta, faz com que o pixel seja preenchido com a cor selecionada. Verifica se após selecionar uma outra cor na paleta, é possível pintar os pixels com essa cor",
              "timedOut": null,
              "duration": 4416,
              "state": "failed",
              "speed": null,
              "pass": false,
              "fail": true,
              "pending": false,
              "context": null,
              "code": "cy.get('.color').each(function (color) {\n  var backgroundColor = color.css('background-color');\n  cy.wrap(color).click();\n  cy.get('.pixel').each(function (pixel) {\n    cy.wrap(pixel).click().should('have.css', 'background-color', backgroundColor);\n  });\n});",
              "err": {
                "message": "CypressError: Timed out retrying: expected '<div.pixel>' to have CSS property 'background-color' with the value 'rgb(0, 0, 0)', but the value was 'rgb(255, 255, 255)'",
                "estack": "CypressError: Timed out retrying: expected '<div.pixel>' to have CSS property 'background-color' with the value 'rgb(0, 0, 0)', but the value was 'rgb(255, 255, 255)'\n    at cypressErr (http://localhost:46039/__cypress/runner/cypress_runner.js:149934:9)\n    at throwErr (http://localhost:46039/__cypress/runner/cypress_runner.js:149867:11)\n    at Object.throwErrByPath (http://localhost:46039/__cypress/runner/cypress_runner.js:149915:3)\n    at retry (http://localhost:46039/__cypress/runner/cypress_runner.js:144197:19)\n    at onFailFn (http://localhost:46039/__cypress/runner/cypress_runner.js:132448:16)\n    at tryCatcher (http://localhost:46039/__cypress/runner/cypress_runner.js:167415:23)\n    at Promise._settlePromiseFromHandler (http://localhost:46039/__cypress/runner/cypress_runner.js:165351:31)\n    at Promise._settlePromise (http://localhost:46039/__cypress/runner/cypress_runner.js:165408:18)\n    at Promise._settlePromise0 (http://localhost:46039/__cypress/runner/cypress_runner.js:165453:10)\n    at Promise._settlePromises (http://localhost:46039/__cypress/runner/cypress_runner.js:165528:18)\n    at Async../node_modules/bluebird/js/release/async.js.Async._drainQueue (http://localhost:46039/__cypress/runner/cypress_runner.js:162140:16)\n    at Async../node_modules/bluebird/js/release/async.js.Async._drainQueues (http://localhost:46039/__cypress/runner/cypress_runner.js:162150:10)\n    at Async.drainQueues (http://localhost:46039/__cypress/runner/cypress_runner.js:162024:14)",
                "diff": null
              },
              "uuid": "5b17cb93-6f02-4b8a-a4b0-2248f2db3ac8",
              "parentUUID": "812e87f4-4333-4f52-bada-9eb4e5f678ad",
              "isHook": false,
              "skipped": false
            },
            {
              "title": "Verifica se somente o pixel que foi clicado foi preenchido com a cor selecionada, sem influenciar na cor dos demais pixels.",
              "fullTitle": "8 - Clicar em um pixel dentro do quadro após selecionar uma cor na paleta, faz com que o pixel seja preenchido com a cor selecionada. Verifica se somente o pixel que foi clicado foi preenchido com a cor selecionada, sem influenciar na cor dos demais pixels.",
              "timedOut": null,
              "duration": 1158,
              "state": "passed",
              "speed": "slow",
              "pass": true,
              "fail": false,
              "pending": false,
              "context": null,
              "code": "var colorToPixelIndexMap = {\n  0: 6,\n  1: 8,\n  2: 16,\n  3: 18\n};\ncy.get('.color').each(function (color, index) {\n  cy.wrap(color).click();\n  var backgroundColor = color.css('background-color');\n  var clickedPixelIndex = colorToPixelIndexMap[index];\n  cy.get('.pixel').eq(clickedPixelIndex).click();\n  cy.get('.pixel').eq(clickedPixelIndex - 1).should('not.have.css', 'background-color', backgroundColor);\n  cy.get('.pixel').eq(clickedPixelIndex + 1).should('not.have.css', 'background-color', backgroundColor);\n  cy.get('.pixel').eq(clickedPixelIndex - 5).should('not.have.css', 'background-color', backgroundColor);\n  cy.get('.pixel').eq(clickedPixelIndex + 5).should('not.have.css', 'background-color', backgroundColor);\n  cy.get('.pixel').eq(clickedPixelIndex - 6).should('not.have.css', 'background-color', backgroundColor);\n  cy.get('.pixel').eq(clickedPixelIndex - 4).should('not.have.css', 'background-color', backgroundColor);\n  cy.get('.pixel').eq(clickedPixelIndex + 4).should('not.have.css', 'background-color', backgroundColor);\n  cy.get('.pixel').eq(clickedPixelIndex + 6).should('not.have.css', 'background-color', backgroundColor);\n});",
              "err": {},
              "uuid": "54c5f6a9-031f-42e6-b6fb-a5cd0a768819",
              "parentUUID": "812e87f4-4333-4f52-bada-9eb4e5f678ad",
              "isHook": false,
              "skipped": false
            }
          ],
          "suites": [],
          "passes": [
            "54c5f6a9-031f-42e6-b6fb-a5cd0a768819"
          ],
          "failures": [
            "42facf09-8637-4fc8-b5ff-b2d70f02d538",
            "5b17cb93-6f02-4b8a-a4b0-2248f2db3ac8"
          ],
          "pending": [],
          "skipped": [],
          "duration": 9913,
          "root": false,
          "rootEmpty": false,
          "_timeout": 2000
        },
        {
          "uuid": "9aaf9e31-4217-4e16-8c42-4f89a7f6864c",
          "title": "9 - Crie um botão que, ao ser clicado, limpa o quadro preenchendo a cor de todos seus pixels com branco.",
          "fullFile": "",
          "file": "",
          "beforeHooks": [],
          "afterHooks": [],
          "tests": [
            {
              "title": "Verifica se o botão tem o `id` denominado `clear-board`",
              "fullTitle": "9 - Crie um botão que, ao ser clicado, limpa o quadro preenchendo a cor de todos seus pixels com branco. Verifica se o botão tem o `id` denominado `clear-board`",
              "timedOut": null,
              "duration": 4264,
              "state": "failed",
              "speed": null,
              "pass": false,
              "fail": true,
              "pending": false,
              "context": null,
              "code": "cy.get('#clear-board').should('be.visible');",
              "err": {
                "message": "CypressError: Timed out retrying: Expected to find element: '#clear-board', but never found it.",
                "estack": "CypressError: Timed out retrying: Expected to find element: '#clear-board', but never found it.\n    at cypressErr (http://localhost:46039/__cypress/runner/cypress_runner.js:149934:9)\n    at throwErr (http://localhost:46039/__cypress/runner/cypress_runner.js:149867:11)\n    at Object.throwErrByPath (http://localhost:46039/__cypress/runner/cypress_runner.js:149915:3)\n    at retry (http://localhost:46039/__cypress/runner/cypress_runner.js:144197:19)\n    at onFailFn (http://localhost:46039/__cypress/runner/cypress_runner.js:132448:16)\n    at tryCatcher (http://localhost:46039/__cypress/runner/cypress_runner.js:167415:23)\n    at Promise._settlePromiseFromHandler (http://localhost:46039/__cypress/runner/cypress_runner.js:165351:31)\n    at Promise._settlePromise (http://localhost:46039/__cypress/runner/cypress_runner.js:165408:18)\n    at Promise._settlePromise0 (http://localhost:46039/__cypress/runner/cypress_runner.js:165453:10)\n    at Promise._settlePromises (http://localhost:46039/__cypress/runner/cypress_runner.js:165528:18)\n    at Async../node_modules/bluebird/js/release/async.js.Async._drainQueue (http://localhost:46039/__cypress/runner/cypress_runner.js:162140:16)\n    at Async../node_modules/bluebird/js/release/async.js.Async._drainQueues (http://localhost:46039/__cypress/runner/cypress_runner.js:162150:10)\n    at Async.drainQueues (http://localhost:46039/__cypress/runner/cypress_runner.js:162024:14)",
                "diff": null
              },
              "uuid": "35a744cd-8a79-4b73-8fe4-83a56ef02bb1",
              "parentUUID": "9aaf9e31-4217-4e16-8c42-4f89a7f6864c",
              "isHook": false,
              "skipped": false
            },
            {
              "title": "Verifica se o botão está posicionado entre a paleta de cores e o quadro de pixels",
              "fullTitle": "9 - Crie um botão que, ao ser clicado, limpa o quadro preenchendo a cor de todos seus pixels com branco. Verifica se o botão está posicionado entre a paleta de cores e o quadro de pixels",
              "timedOut": null,
              "duration": 4259,
              "state": "failed",
              "speed": null,
              "pass": false,
              "fail": true,
              "pending": false,
              "context": null,
              "code": "cy.get('#color-palette').then(function (palette) {\n  cy.get('#clear-board').should('be.belowOf', palette);\n});\ncy.get('#clear-board').then(function (clearBtn) {\n  cy.get('#pixel-board').should('be.belowOf', clearBtn);\n});",
              "err": {
                "message": "CypressError: Timed out retrying: Expected to find element: '#clear-board', but never found it.",
                "estack": "CypressError: Timed out retrying: Expected to find element: '#clear-board', but never found it.\n    at cypressErr (http://localhost:46039/__cypress/runner/cypress_runner.js:149934:9)\n    at throwErr (http://localhost:46039/__cypress/runner/cypress_runner.js:149867:11)\n    at Object.throwErrByPath (http://localhost:46039/__cypress/runner/cypress_runner.js:149915:3)\n    at retry (http://localhost:46039/__cypress/runner/cypress_runner.js:144197:19)\n    at onFailFn (http://localhost:46039/__cypress/runner/cypress_runner.js:132448:16)\n    at tryCatcher (http://localhost:46039/__cypress/runner/cypress_runner.js:167415:23)\n    at Promise._settlePromiseFromHandler (http://localhost:46039/__cypress/runner/cypress_runner.js:165351:31)\n    at Promise._settlePromise (http://localhost:46039/__cypress/runner/cypress_runner.js:165408:18)\n    at Promise._settlePromise0 (http://localhost:46039/__cypress/runner/cypress_runner.js:165453:10)\n    at Promise._settlePromises (http://localhost:46039/__cypress/runner/cypress_runner.js:165528:18)\n    at Async../node_modules/bluebird/js/release/async.js.Async._drainQueue (http://localhost:46039/__cypress/runner/cypress_runner.js:162140:16)\n    at Async../node_modules/bluebird/js/release/async.js.Async._drainQueues (http://localhost:46039/__cypress/runner/cypress_runner.js:162150:10)\n    at Async.drainQueues (http://localhost:46039/__cypress/runner/cypress_runner.js:162024:14)",
                "diff": null
              },
              "uuid": "4294ccad-560f-4985-8630-cd47730d87c1",
              "parentUUID": "9aaf9e31-4217-4e16-8c42-4f89a7f6864c",
              "isHook": false,
              "skipped": false
            },
            {
              "title": "Verifica se o texto do botão é 'Limpar'",
              "fullTitle": "9 - Crie um botão que, ao ser clicado, limpa o quadro preenchendo a cor de todos seus pixels com branco. Verifica se o texto do botão é 'Limpar'",
              "timedOut": null,
              "duration": 4210,
              "state": "failed",
              "speed": null,
              "pass": false,
              "fail": true,
              "pending": false,
              "context": null,
              "code": "cy.get('#clear-board').should('contain.text', 'Limpar');",
              "err": {
                "message": "CypressError: Timed out retrying: Expected to find element: '#clear-board', but never found it.",
                "estack": "CypressError: Timed out retrying: Expected to find element: '#clear-board', but never found it.\n    at cypressErr (http://localhost:46039/__cypress/runner/cypress_runner.js:149934:9)\n    at throwErr (http://localhost:46039/__cypress/runner/cypress_runner.js:149867:11)\n    at Object.throwErrByPath (http://localhost:46039/__cypress/runner/cypress_runner.js:149915:3)\n    at retry (http://localhost:46039/__cypress/runner/cypress_runner.js:144197:19)\n    at onFailFn (http://localhost:46039/__cypress/runner/cypress_runner.js:132448:16)\n    at tryCatcher (http://localhost:46039/__cypress/runner/cypress_runner.js:167415:23)\n    at Promise._settlePromiseFromHandler (http://localhost:46039/__cypress/runner/cypress_runner.js:165351:31)\n    at Promise._settlePromise (http://localhost:46039/__cypress/runner/cypress_runner.js:165408:18)\n    at Promise._settlePromise0 (http://localhost:46039/__cypress/runner/cypress_runner.js:165453:10)\n    at Promise._settlePromises (http://localhost:46039/__cypress/runner/cypress_runner.js:165528:18)\n    at Async../node_modules/bluebird/js/release/async.js.Async._drainQueue (http://localhost:46039/__cypress/runner/cypress_runner.js:162140:16)\n    at Async../node_modules/bluebird/js/release/async.js.Async._drainQueues (http://localhost:46039/__cypress/runner/cypress_runner.js:162150:10)\n    at Async.drainQueues (http://localhost:46039/__cypress/runner/cypress_runner.js:162024:14)",
                "diff": null
              },
              "uuid": "c9dcb53e-0991-402b-b8af-a8141fee28bd",
              "parentUUID": "9aaf9e31-4217-4e16-8c42-4f89a7f6864c",
              "isHook": false,
              "skipped": false
            },
            {
              "title": "Verifica se ao clicar no botão, o quadro de pixels é totalmente preenchido de branco",
              "fullTitle": "9 - Crie um botão que, ao ser clicado, limpa o quadro preenchendo a cor de todos seus pixels com branco. Verifica se ao clicar no botão, o quadro de pixels é totalmente preenchido de branco",
              "timedOut": null,
              "duration": 4371,
              "state": "failed",
              "speed": null,
              "pass": false,
              "fail": true,
              "pending": false,
              "context": null,
              "code": "cy.get('.color').eq(1).then(function (color) {\n  var backgroundColor = color.css('background-color');\n  cy.wrap(color).click();\n  cy.get('.pixel').each(function (pixel) {\n    cy.wrap(pixel).click().should('have.css', 'background-color', backgroundColor);\n  });\n});\ncy.get('#clear-board').click();\ncy.get('.pixel').each(function (pixel) {\n  cy.wrap(pixel).should('have.css', 'background-color', WHITE);\n});",
              "err": {
                "message": "CypressError: Timed out retrying: expected '<div.pixel>' to have CSS property 'background-color' with the value 'rgb(255, 0, 0)', but the value was 'rgb(255, 255, 255)'",
                "estack": "CypressError: Timed out retrying: expected '<div.pixel>' to have CSS property 'background-color' with the value 'rgb(255, 0, 0)', but the value was 'rgb(255, 255, 255)'\n    at cypressErr (http://localhost:46039/__cypress/runner/cypress_runner.js:149934:9)\n    at throwErr (http://localhost:46039/__cypress/runner/cypress_runner.js:149867:11)\n    at Object.throwErrByPath (http://localhost:46039/__cypress/runner/cypress_runner.js:149915:3)\n    at retry (http://localhost:46039/__cypress/runner/cypress_runner.js:144197:19)\n    at onFailFn (http://localhost:46039/__cypress/runner/cypress_runner.js:132448:16)\n    at tryCatcher (http://localhost:46039/__cypress/runner/cypress_runner.js:167415:23)\n    at Promise._settlePromiseFromHandler (http://localhost:46039/__cypress/runner/cypress_runner.js:165351:31)\n    at Promise._settlePromise (http://localhost:46039/__cypress/runner/cypress_runner.js:165408:18)\n    at Promise._settlePromise0 (http://localhost:46039/__cypress/runner/cypress_runner.js:165453:10)\n    at Promise._settlePromises (http://localhost:46039/__cypress/runner/cypress_runner.js:165528:18)\n    at Async../node_modules/bluebird/js/release/async.js.Async._drainQueue (http://localhost:46039/__cypress/runner/cypress_runner.js:162140:16)\n    at Async../node_modules/bluebird/js/release/async.js.Async._drainQueues (http://localhost:46039/__cypress/runner/cypress_runner.js:162150:10)\n    at Async.drainQueues (http://localhost:46039/__cypress/runner/cypress_runner.js:162024:14)",
                "diff": null
              },
              "uuid": "67cd3cd6-3293-477c-97a1-4e9991b49fb6",
              "parentUUID": "9aaf9e31-4217-4e16-8c42-4f89a7f6864c",
              "isHook": false,
              "skipped": false
            }
          ],
          "suites": [],
          "passes": [],
          "failures": [
            "35a744cd-8a79-4b73-8fe4-83a56ef02bb1",
            "4294ccad-560f-4985-8630-cd47730d87c1",
            "c9dcb53e-0991-402b-b8af-a8141fee28bd",
            "67cd3cd6-3293-477c-97a1-4e9991b49fb6"
          ],
          "pending": [],
          "skipped": [],
          "duration": 17104,
          "root": false,
          "rootEmpty": false,
          "_timeout": 2000
        },
        {
          "uuid": "fb46d809-f51c-4bbd-b414-09e7611d0179",
          "title": "10 - Faça o quadro de pixels ter seu tamanho definido pelo usuário.",
          "fullFile": "",
          "file": "",
          "beforeHooks": [],
          "afterHooks": [],
          "tests": [
            {
              "title": "Verifica se existe um input com o id `board-size`",
              "fullTitle": "10 - Faça o quadro de pixels ter seu tamanho definido pelo usuário. Verifica se existe um input com o id `board-size`",
              "timedOut": null,
              "duration": 4212,
              "state": "failed",
              "speed": null,
              "pass": false,
              "fail": true,
              "pending": false,
              "context": null,
              "code": "cy.get('#board-size').should('be.visible');",
              "err": {
                "message": "CypressError: Timed out retrying: Expected to find element: '#board-size', but never found it.",
                "estack": "CypressError: Timed out retrying: Expected to find element: '#board-size', but never found it.\n    at cypressErr (http://localhost:46039/__cypress/runner/cypress_runner.js:149934:9)\n    at throwErr (http://localhost:46039/__cypress/runner/cypress_runner.js:149867:11)\n    at Object.throwErrByPath (http://localhost:46039/__cypress/runner/cypress_runner.js:149915:3)\n    at retry (http://localhost:46039/__cypress/runner/cypress_runner.js:144197:19)\n    at onFailFn (http://localhost:46039/__cypress/runner/cypress_runner.js:132448:16)\n    at tryCatcher (http://localhost:46039/__cypress/runner/cypress_runner.js:167415:23)\n    at Promise._settlePromiseFromHandler (http://localhost:46039/__cypress/runner/cypress_runner.js:165351:31)\n    at Promise._settlePromise (http://localhost:46039/__cypress/runner/cypress_runner.js:165408:18)\n    at Promise._settlePromise0 (http://localhost:46039/__cypress/runner/cypress_runner.js:165453:10)\n    at Promise._settlePromises (http://localhost:46039/__cypress/runner/cypress_runner.js:165528:18)\n    at Async../node_modules/bluebird/js/release/async.js.Async._drainQueue (http://localhost:46039/__cypress/runner/cypress_runner.js:162140:16)\n    at Async../node_modules/bluebird/js/release/async.js.Async._drainQueues (http://localhost:46039/__cypress/runner/cypress_runner.js:162150:10)\n    at Async.drainQueues (http://localhost:46039/__cypress/runner/cypress_runner.js:162024:14)",
                "diff": null
              },
              "uuid": "73db62a6-df26-406d-9f6b-e8ec9879001c",
              "parentUUID": "fb46d809-f51c-4bbd-b414-09e7611d0179",
              "isHook": false,
              "skipped": false
            },
            {
              "title": "Verifica se existe um botão com o id `generate-board`",
              "fullTitle": "10 - Faça o quadro de pixels ter seu tamanho definido pelo usuário. Verifica se existe um botão com o id `generate-board`",
              "timedOut": null,
              "duration": 4220,
              "state": "failed",
              "speed": null,
              "pass": false,
              "fail": true,
              "pending": false,
              "context": null,
              "code": "cy.get('#generate-board').should('be.visible');",
              "err": {
                "message": "CypressError: Timed out retrying: Expected to find element: '#generate-board', but never found it.",
                "estack": "CypressError: Timed out retrying: Expected to find element: '#generate-board', but never found it.\n    at cypressErr (http://localhost:46039/__cypress/runner/cypress_runner.js:149934:9)\n    at throwErr (http://localhost:46039/__cypress/runner/cypress_runner.js:149867:11)\n    at Object.throwErrByPath (http://localhost:46039/__cypress/runner/cypress_runner.js:149915:3)\n    at retry (http://localhost:46039/__cypress/runner/cypress_runner.js:144197:19)\n    at onFailFn (http://localhost:46039/__cypress/runner/cypress_runner.js:132448:16)\n    at tryCatcher (http://localhost:46039/__cypress/runner/cypress_runner.js:167415:23)\n    at Promise._settlePromiseFromHandler (http://localhost:46039/__cypress/runner/cypress_runner.js:165351:31)\n    at Promise._settlePromise (http://localhost:46039/__cypress/runner/cypress_runner.js:165408:18)\n    at Promise._settlePromise0 (http://localhost:46039/__cypress/runner/cypress_runner.js:165453:10)\n    at Promise._settlePromises (http://localhost:46039/__cypress/runner/cypress_runner.js:165528:18)\n    at Async../node_modules/bluebird/js/release/async.js.Async._drainQueue (http://localhost:46039/__cypress/runner/cypress_runner.js:162140:16)\n    at Async../node_modules/bluebird/js/release/async.js.Async._drainQueues (http://localhost:46039/__cypress/runner/cypress_runner.js:162150:10)\n    at Async.drainQueues (http://localhost:46039/__cypress/runner/cypress_runner.js:162024:14)",
                "diff": null
              },
              "uuid": "8b115bdb-677c-4af7-a036-59d81d457826",
              "parentUUID": "fb46d809-f51c-4bbd-b414-09e7611d0179",
              "isHook": false,
              "skipped": false
            },
            {
              "title": "Verifica se o input só aceita número maiores que zero. Essa restrição deve ser feita usando os atributos do elemento `input`",
              "fullTitle": "10 - Faça o quadro de pixels ter seu tamanho definido pelo usuário. Verifica se o input só aceita número maiores que zero. Essa restrição deve ser feita usando os atributos do elemento `input`",
              "timedOut": null,
              "duration": 4189,
              "state": "failed",
              "speed": null,
              "pass": false,
              "fail": true,
              "pending": false,
              "context": null,
              "code": "cy.get('#board-size[type=\\'number\\'][min=\\'1\\']');",
              "err": {
                "message": "CypressError: Timed out retrying: Expected to find element: '#board-size[type='number'][min='1']', but never found it.",
                "estack": "CypressError: Timed out retrying: Expected to find element: '#board-size[type='number'][min='1']', but never found it.\n    at cypressErr (http://localhost:46039/__cypress/runner/cypress_runner.js:149934:9)\n    at throwErr (http://localhost:46039/__cypress/runner/cypress_runner.js:149867:11)\n    at Object.throwErrByPath (http://localhost:46039/__cypress/runner/cypress_runner.js:149915:3)\n    at retry (http://localhost:46039/__cypress/runner/cypress_runner.js:144197:19)\n    at onFailFn (http://localhost:46039/__cypress/runner/cypress_runner.js:132448:16)\n    at tryCatcher (http://localhost:46039/__cypress/runner/cypress_runner.js:167415:23)\n    at Promise._settlePromiseFromHandler (http://localhost:46039/__cypress/runner/cypress_runner.js:165351:31)\n    at Promise._settlePromise (http://localhost:46039/__cypress/runner/cypress_runner.js:165408:18)\n    at Promise._settlePromise0 (http://localhost:46039/__cypress/runner/cypress_runner.js:165453:10)\n    at Promise._settlePromises (http://localhost:46039/__cypress/runner/cypress_runner.js:165528:18)\n    at Async../node_modules/bluebird/js/release/async.js.Async._drainQueue (http://localhost:46039/__cypress/runner/cypress_runner.js:162140:16)\n    at Async../node_modules/bluebird/js/release/async.js.Async._drainQueues (http://localhost:46039/__cypress/runner/cypress_runner.js:162150:10)\n    at Async.drainQueues (http://localhost:46039/__cypress/runner/cypress_runner.js:162024:14)",
                "diff": null
              },
              "uuid": "fd00e7a9-34b7-4897-845c-427020f30255",
              "parentUUID": "fb46d809-f51c-4bbd-b414-09e7611d0179",
              "isHook": false,
              "skipped": false
            },
            {
              "title": "Verifica se o botão contém o texto 'VQV'",
              "fullTitle": "10 - Faça o quadro de pixels ter seu tamanho definido pelo usuário. Verifica se o botão contém o texto 'VQV'",
              "timedOut": null,
              "duration": 4191,
              "state": "failed",
              "speed": null,
              "pass": false,
              "fail": true,
              "pending": false,
              "context": null,
              "code": "cy.get('#generate-board').contains(/vqv/i);",
              "err": {
                "message": "CypressError: Timed out retrying: Expected to find element: '#generate-board', but never found it.",
                "estack": "CypressError: Timed out retrying: Expected to find element: '#generate-board', but never found it.\n    at cypressErr (http://localhost:46039/__cypress/runner/cypress_runner.js:149934:9)\n    at throwErr (http://localhost:46039/__cypress/runner/cypress_runner.js:149867:11)\n    at Object.throwErrByPath (http://localhost:46039/__cypress/runner/cypress_runner.js:149915:3)\n    at retry (http://localhost:46039/__cypress/runner/cypress_runner.js:144197:19)\n    at onFailFn (http://localhost:46039/__cypress/runner/cypress_runner.js:132448:16)\n    at tryCatcher (http://localhost:46039/__cypress/runner/cypress_runner.js:167415:23)\n    at Promise._settlePromiseFromHandler (http://localhost:46039/__cypress/runner/cypress_runner.js:165351:31)\n    at Promise._settlePromise (http://localhost:46039/__cypress/runner/cypress_runner.js:165408:18)\n    at Promise._settlePromise0 (http://localhost:46039/__cypress/runner/cypress_runner.js:165453:10)\n    at Promise._settlePromises (http://localhost:46039/__cypress/runner/cypress_runner.js:165528:18)\n    at Async../node_modules/bluebird/js/release/async.js.Async._drainQueue (http://localhost:46039/__cypress/runner/cypress_runner.js:162140:16)\n    at Async../node_modules/bluebird/js/release/async.js.Async._drainQueues (http://localhost:46039/__cypress/runner/cypress_runner.js:162150:10)\n    at Async.drainQueues (http://localhost:46039/__cypress/runner/cypress_runner.js:162024:14)",
                "diff": null
              },
              "uuid": "eeb6e4a1-9a45-4b31-90e8-725bb2c828d6",
              "parentUUID": "fb46d809-f51c-4bbd-b414-09e7611d0179",
              "isHook": false,
              "skipped": false
            },
            {
              "title": "Verifica se o input está posicionado entre a paleta de cores e o quadro de pixels",
              "fullTitle": "10 - Faça o quadro de pixels ter seu tamanho definido pelo usuário. Verifica se o input está posicionado entre a paleta de cores e o quadro de pixels",
              "timedOut": null,
              "duration": 4290,
              "state": "failed",
              "speed": null,
              "pass": false,
              "fail": true,
              "pending": false,
              "context": null,
              "code": "cy.get('#color-palette').then(function (palette) {\n  cy.get('#board-size').should('be.belowOf', palette);\n});\ncy.get('#board-size').then(function (palette) {\n  cy.get('#pixel-board').should('be.belowOf', palette);\n});",
              "err": {
                "message": "CypressError: Timed out retrying: Expected to find element: '#board-size', but never found it.",
                "estack": "CypressError: Timed out retrying: Expected to find element: '#board-size', but never found it.\n    at cypressErr (http://localhost:46039/__cypress/runner/cypress_runner.js:149934:9)\n    at throwErr (http://localhost:46039/__cypress/runner/cypress_runner.js:149867:11)\n    at Object.throwErrByPath (http://localhost:46039/__cypress/runner/cypress_runner.js:149915:3)\n    at retry (http://localhost:46039/__cypress/runner/cypress_runner.js:144197:19)\n    at onFailFn (http://localhost:46039/__cypress/runner/cypress_runner.js:132448:16)\n    at tryCatcher (http://localhost:46039/__cypress/runner/cypress_runner.js:167415:23)\n    at Promise._settlePromiseFromHandler (http://localhost:46039/__cypress/runner/cypress_runner.js:165351:31)\n    at Promise._settlePromise (http://localhost:46039/__cypress/runner/cypress_runner.js:165408:18)\n    at Promise._settlePromise0 (http://localhost:46039/__cypress/runner/cypress_runner.js:165453:10)\n    at Promise._settlePromises (http://localhost:46039/__cypress/runner/cypress_runner.js:165528:18)\n    at Async../node_modules/bluebird/js/release/async.js.Async._drainQueue (http://localhost:46039/__cypress/runner/cypress_runner.js:162140:16)\n    at Async../node_modules/bluebird/js/release/async.js.Async._drainQueues (http://localhost:46039/__cypress/runner/cypress_runner.js:162150:10)\n    at Async.drainQueues (http://localhost:46039/__cypress/runner/cypress_runner.js:162024:14)",
                "diff": null
              },
              "uuid": "24a5e334-cc86-4350-a739-b866820bf5a2",
              "parentUUID": "fb46d809-f51c-4bbd-b414-09e7611d0179",
              "isHook": false,
              "skipped": false
            },
            {
              "title": "Verifica se o botão está posicionado ao lado do input",
              "fullTitle": "10 - Faça o quadro de pixels ter seu tamanho definido pelo usuário. Verifica se o botão está posicionado ao lado do input",
              "timedOut": null,
              "duration": 4234,
              "state": "failed",
              "speed": null,
              "pass": false,
              "fail": true,
              "pending": false,
              "context": null,
              "code": "cy.get('#board-size').then(function (board) {\n  cy.get('#generate-board').should('be.onTheRightOf', board);\n});",
              "err": {
                "message": "CypressError: Timed out retrying: Expected to find element: '#board-size', but never found it.",
                "estack": "CypressError: Timed out retrying: Expected to find element: '#board-size', but never found it.\n    at cypressErr (http://localhost:46039/__cypress/runner/cypress_runner.js:149934:9)\n    at throwErr (http://localhost:46039/__cypress/runner/cypress_runner.js:149867:11)\n    at Object.throwErrByPath (http://localhost:46039/__cypress/runner/cypress_runner.js:149915:3)\n    at retry (http://localhost:46039/__cypress/runner/cypress_runner.js:144197:19)\n    at onFailFn (http://localhost:46039/__cypress/runner/cypress_runner.js:132448:16)\n    at tryCatcher (http://localhost:46039/__cypress/runner/cypress_runner.js:167415:23)\n    at Promise._settlePromiseFromHandler (http://localhost:46039/__cypress/runner/cypress_runner.js:165351:31)\n    at Promise._settlePromise (http://localhost:46039/__cypress/runner/cypress_runner.js:165408:18)\n    at Promise._settlePromise0 (http://localhost:46039/__cypress/runner/cypress_runner.js:165453:10)\n    at Promise._settlePromises (http://localhost:46039/__cypress/runner/cypress_runner.js:165528:18)\n    at Async../node_modules/bluebird/js/release/async.js.Async._drainQueue (http://localhost:46039/__cypress/runner/cypress_runner.js:162140:16)\n    at Async../node_modules/bluebird/js/release/async.js.Async._drainQueues (http://localhost:46039/__cypress/runner/cypress_runner.js:162150:10)\n    at Async.drainQueues (http://localhost:46039/__cypress/runner/cypress_runner.js:162024:14)",
                "diff": null
              },
              "uuid": "f3d159ef-49e9-43dc-b3ad-d001d08faa3e",
              "parentUUID": "fb46d809-f51c-4bbd-b414-09e7611d0179",
              "isHook": false,
              "skipped": false
            },
            {
              "title": "Verifica se nenhum valor for colocado no input ao clicar no botão, um `alert` é exibido com o texto: 'Board inválido!'",
              "fullTitle": "10 - Faça o quadro de pixels ter seu tamanho definido pelo usuário. Verifica se nenhum valor for colocado no input ao clicar no botão, um `alert` é exibido com o texto: 'Board inválido!'",
              "timedOut": null,
              "duration": 4275,
              "state": "failed",
              "speed": null,
              "pass": false,
              "fail": true,
              "pending": false,
              "context": null,
              "code": "var alerted = false;\ncy.on('window:alert', function (msg) {\n  return alerted = msg;\n});\ncy.get('#generate-board').click().then(function () {\n  return expect(alerted).to.match(/Board inválido!/i);\n});",
              "err": {
                "message": "CypressError: Timed out retrying: Expected to find element: '#generate-board', but never found it.",
                "estack": "CypressError: Timed out retrying: Expected to find element: '#generate-board', but never found it.\n    at cypressErr (http://localhost:46039/__cypress/runner/cypress_runner.js:149934:9)\n    at throwErr (http://localhost:46039/__cypress/runner/cypress_runner.js:149867:11)\n    at Object.throwErrByPath (http://localhost:46039/__cypress/runner/cypress_runner.js:149915:3)\n    at retry (http://localhost:46039/__cypress/runner/cypress_runner.js:144197:19)\n    at onFailFn (http://localhost:46039/__cypress/runner/cypress_runner.js:132448:16)\n    at tryCatcher (http://localhost:46039/__cypress/runner/cypress_runner.js:167415:23)\n    at Promise._settlePromiseFromHandler (http://localhost:46039/__cypress/runner/cypress_runner.js:165351:31)\n    at Promise._settlePromise (http://localhost:46039/__cypress/runner/cypress_runner.js:165408:18)\n    at Promise._settlePromise0 (http://localhost:46039/__cypress/runner/cypress_runner.js:165453:10)\n    at Promise._settlePromises (http://localhost:46039/__cypress/runner/cypress_runner.js:165528:18)\n    at Async../node_modules/bluebird/js/release/async.js.Async._drainQueue (http://localhost:46039/__cypress/runner/cypress_runner.js:162140:16)\n    at Async../node_modules/bluebird/js/release/async.js.Async._drainQueues (http://localhost:46039/__cypress/runner/cypress_runner.js:162150:10)\n    at Async.drainQueues (http://localhost:46039/__cypress/runner/cypress_runner.js:162024:14)",
                "diff": null
              },
              "uuid": "9d362ae8-3ecc-478b-ac27-e83417e438d6",
              "parentUUID": "fb46d809-f51c-4bbd-b414-09e7611d0179",
              "isHook": false,
              "skipped": false
            },
            {
              "title": "Verifica se ao clicar no botão com um valor preenchido, o tamanho do board muda.",
              "fullTitle": "10 - Faça o quadro de pixels ter seu tamanho definido pelo usuário. Verifica se ao clicar no botão com um valor preenchido, o tamanho do board muda.",
              "timedOut": null,
              "duration": 4233,
              "state": "failed",
              "speed": null,
              "pass": false,
              "fail": true,
              "pending": false,
              "context": null,
              "code": "cy.get('#board-size').clear().type(10);\ncy.get('#generate-board').click();\ncy.get('.pixel').should('have.length', 100);",
              "err": {
                "message": "CypressError: Timed out retrying: Expected to find element: '#board-size', but never found it.",
                "estack": "CypressError: Timed out retrying: Expected to find element: '#board-size', but never found it.\n    at cypressErr (http://localhost:46039/__cypress/runner/cypress_runner.js:149934:9)\n    at throwErr (http://localhost:46039/__cypress/runner/cypress_runner.js:149867:11)\n    at Object.throwErrByPath (http://localhost:46039/__cypress/runner/cypress_runner.js:149915:3)\n    at retry (http://localhost:46039/__cypress/runner/cypress_runner.js:144197:19)\n    at onFailFn (http://localhost:46039/__cypress/runner/cypress_runner.js:132448:16)\n    at tryCatcher (http://localhost:46039/__cypress/runner/cypress_runner.js:167415:23)\n    at Promise._settlePromiseFromHandler (http://localhost:46039/__cypress/runner/cypress_runner.js:165351:31)\n    at Promise._settlePromise (http://localhost:46039/__cypress/runner/cypress_runner.js:165408:18)\n    at Promise._settlePromise0 (http://localhost:46039/__cypress/runner/cypress_runner.js:165453:10)\n    at Promise._settlePromises (http://localhost:46039/__cypress/runner/cypress_runner.js:165528:18)\n    at Async../node_modules/bluebird/js/release/async.js.Async._drainQueue (http://localhost:46039/__cypress/runner/cypress_runner.js:162140:16)\n    at Async../node_modules/bluebird/js/release/async.js.Async._drainQueues (http://localhost:46039/__cypress/runner/cypress_runner.js:162150:10)\n    at Async.drainQueues (http://localhost:46039/__cypress/runner/cypress_runner.js:162024:14)",
                "diff": null
              },
              "uuid": "8be38be9-d77b-4ab6-a3ad-130bdf6cc8ea",
              "parentUUID": "fb46d809-f51c-4bbd-b414-09e7611d0179",
              "isHook": false,
              "skipped": false
            },
            {
              "title": "Verifica se o novo quadro tem todos os pixels preenchidos com a cor branca",
              "fullTitle": "10 - Faça o quadro de pixels ter seu tamanho definido pelo usuário. Verifica se o novo quadro tem todos os pixels preenchidos com a cor branca",
              "timedOut": null,
              "duration": 4321,
              "state": "failed",
              "speed": null,
              "pass": false,
              "fail": true,
              "pending": false,
              "context": null,
              "code": "cy.get('#board-size').clear().type(6);\ncy.get('#generate-board').click();\ncy.get('.pixel').should('have.length', 36).each(function (pixel) {\n  expect(pixel).to.have.css('background-color', WHITE);\n});",
              "err": {
                "message": "CypressError: Timed out retrying: Expected to find element: '#board-size', but never found it.",
                "estack": "CypressError: Timed out retrying: Expected to find element: '#board-size', but never found it.\n    at cypressErr (http://localhost:46039/__cypress/runner/cypress_runner.js:149934:9)\n    at throwErr (http://localhost:46039/__cypress/runner/cypress_runner.js:149867:11)\n    at Object.throwErrByPath (http://localhost:46039/__cypress/runner/cypress_runner.js:149915:3)\n    at retry (http://localhost:46039/__cypress/runner/cypress_runner.js:144197:19)\n    at onFailFn (http://localhost:46039/__cypress/runner/cypress_runner.js:132448:16)\n    at tryCatcher (http://localhost:46039/__cypress/runner/cypress_runner.js:167415:23)\n    at Promise._settlePromiseFromHandler (http://localhost:46039/__cypress/runner/cypress_runner.js:165351:31)\n    at Promise._settlePromise (http://localhost:46039/__cypress/runner/cypress_runner.js:165408:18)\n    at Promise._settlePromise0 (http://localhost:46039/__cypress/runner/cypress_runner.js:165453:10)\n    at Promise._settlePromises (http://localhost:46039/__cypress/runner/cypress_runner.js:165528:18)\n    at Async../node_modules/bluebird/js/release/async.js.Async._drainQueue (http://localhost:46039/__cypress/runner/cypress_runner.js:162140:16)\n    at Async../node_modules/bluebird/js/release/async.js.Async._drainQueues (http://localhost:46039/__cypress/runner/cypress_runner.js:162150:10)\n    at Async.drainQueues (http://localhost:46039/__cypress/runner/cypress_runner.js:162024:14)",
                "diff": null
              },
              "uuid": "4723d23a-add4-4b79-a91d-726244d2d2ad",
              "parentUUID": "fb46d809-f51c-4bbd-b414-09e7611d0179",
              "isHook": false,
              "skipped": false
            }
          ],
          "suites": [],
          "passes": [],
          "failures": [
            "73db62a6-df26-406d-9f6b-e8ec9879001c",
            "8b115bdb-677c-4af7-a036-59d81d457826",
            "fd00e7a9-34b7-4897-845c-427020f30255",
            "eeb6e4a1-9a45-4b31-90e8-725bb2c828d6",
            "24a5e334-cc86-4350-a739-b866820bf5a2",
            "f3d159ef-49e9-43dc-b3ad-d001d08faa3e",
            "9d362ae8-3ecc-478b-ac27-e83417e438d6",
            "8be38be9-d77b-4ab6-a3ad-130bdf6cc8ea",
            "4723d23a-add4-4b79-a91d-726244d2d2ad"
          ],
          "pending": [],
          "skipped": [],
          "duration": 38165,
          "root": false,
          "rootEmpty": false,
          "_timeout": 2000
        },
        {
          "uuid": "6e6de347-b527-4459-9d18-fdfe02cff39b",
          "title": "11 - Limite o tamanho mínimo e máximo do board.",
          "fullFile": "",
          "file": "",
          "beforeHooks": [],
          "afterHooks": [],
          "tests": [
            {
              "title": "Verifica se a altura máxima do board é 50",
              "fullTitle": "11 - Limite o tamanho mínimo e máximo do board. Verifica se a altura máxima do board é 50",
              "timedOut": null,
              "duration": 4274,
              "state": "failed",
              "speed": null,
              "pass": false,
              "fail": true,
              "pending": false,
              "context": null,
              "code": "cy.get('#board-size').clear().type(50);\ncy.get('#generate-board').click();\ncy.get('.pixel').should('have.length', 2500);",
              "err": {
                "message": "CypressError: Timed out retrying: Expected to find element: '#board-size', but never found it.",
                "estack": "CypressError: Timed out retrying: Expected to find element: '#board-size', but never found it.\n    at cypressErr (http://localhost:46039/__cypress/runner/cypress_runner.js:149934:9)\n    at throwErr (http://localhost:46039/__cypress/runner/cypress_runner.js:149867:11)\n    at Object.throwErrByPath (http://localhost:46039/__cypress/runner/cypress_runner.js:149915:3)\n    at retry (http://localhost:46039/__cypress/runner/cypress_runner.js:144197:19)\n    at onFailFn (http://localhost:46039/__cypress/runner/cypress_runner.js:132448:16)\n    at tryCatcher (http://localhost:46039/__cypress/runner/cypress_runner.js:167415:23)\n    at Promise._settlePromiseFromHandler (http://localhost:46039/__cypress/runner/cypress_runner.js:165351:31)\n    at Promise._settlePromise (http://localhost:46039/__cypress/runner/cypress_runner.js:165408:18)\n    at Promise._settlePromise0 (http://localhost:46039/__cypress/runner/cypress_runner.js:165453:10)\n    at Promise._settlePromises (http://localhost:46039/__cypress/runner/cypress_runner.js:165528:18)\n    at Async../node_modules/bluebird/js/release/async.js.Async._drainQueue (http://localhost:46039/__cypress/runner/cypress_runner.js:162140:16)\n    at Async../node_modules/bluebird/js/release/async.js.Async._drainQueues (http://localhost:46039/__cypress/runner/cypress_runner.js:162150:10)\n    at Async.drainQueues (http://localhost:46039/__cypress/runner/cypress_runner.js:162024:14)",
                "diff": null
              },
              "uuid": "6a0e0a48-9108-494a-8572-64acff34571c",
              "parentUUID": "6e6de347-b527-4459-9d18-fdfe02cff39b",
              "isHook": false,
              "skipped": false
            },
            {
              "title": "Verifica se a altura do board é 5 quando um valor menor é colocado no input",
              "fullTitle": "11 - Limite o tamanho mínimo e máximo do board. Verifica se a altura do board é 5 quando um valor menor é colocado no input",
              "timedOut": null,
              "duration": 4245,
              "state": "failed",
              "speed": null,
              "pass": false,
              "fail": true,
              "pending": false,
              "context": null,
              "code": "cy.get('#board-size').clear().type(4);\ncy.get('#generate-board').click();\ncy.get('.pixel').should('have.length', 25);",
              "err": {
                "message": "CypressError: Timed out retrying: Expected to find element: '#board-size', but never found it.",
                "estack": "CypressError: Timed out retrying: Expected to find element: '#board-size', but never found it.\n    at cypressErr (http://localhost:46039/__cypress/runner/cypress_runner.js:149934:9)\n    at throwErr (http://localhost:46039/__cypress/runner/cypress_runner.js:149867:11)\n    at Object.throwErrByPath (http://localhost:46039/__cypress/runner/cypress_runner.js:149915:3)\n    at retry (http://localhost:46039/__cypress/runner/cypress_runner.js:144197:19)\n    at onFailFn (http://localhost:46039/__cypress/runner/cypress_runner.js:132448:16)\n    at tryCatcher (http://localhost:46039/__cypress/runner/cypress_runner.js:167415:23)\n    at Promise._settlePromiseFromHandler (http://localhost:46039/__cypress/runner/cypress_runner.js:165351:31)\n    at Promise._settlePromise (http://localhost:46039/__cypress/runner/cypress_runner.js:165408:18)\n    at Promise._settlePromise0 (http://localhost:46039/__cypress/runner/cypress_runner.js:165453:10)\n    at Promise._settlePromises (http://localhost:46039/__cypress/runner/cypress_runner.js:165528:18)\n    at Async../node_modules/bluebird/js/release/async.js.Async._drainQueue (http://localhost:46039/__cypress/runner/cypress_runner.js:162140:16)\n    at Async../node_modules/bluebird/js/release/async.js.Async._drainQueues (http://localhost:46039/__cypress/runner/cypress_runner.js:162150:10)\n    at Async.drainQueues (http://localhost:46039/__cypress/runner/cypress_runner.js:162024:14)",
                "diff": null
              },
              "uuid": "15d12af6-d4cf-47fb-81e3-15d5c8280d5d",
              "parentUUID": "6e6de347-b527-4459-9d18-fdfe02cff39b",
              "isHook": false,
              "skipped": false
            },
            {
              "title": "Verifica se a altura do board é 50 quando um valor maior é colocado no input",
              "fullTitle": "11 - Limite o tamanho mínimo e máximo do board. Verifica se a altura do board é 50 quando um valor maior é colocado no input",
              "timedOut": null,
              "duration": 4232,
              "state": "failed",
              "speed": null,
              "pass": false,
              "fail": true,
              "pending": false,
              "context": null,
              "code": "cy.get('#board-size').clear().type(51);\ncy.get('#generate-board').click();\ncy.get('.pixel').should('have.length', 2500);",
              "err": {
                "message": "CypressError: Timed out retrying: Expected to find element: '#board-size', but never found it.",
                "estack": "CypressError: Timed out retrying: Expected to find element: '#board-size', but never found it.\n    at cypressErr (http://localhost:46039/__cypress/runner/cypress_runner.js:149934:9)\n    at throwErr (http://localhost:46039/__cypress/runner/cypress_runner.js:149867:11)\n    at Object.throwErrByPath (http://localhost:46039/__cypress/runner/cypress_runner.js:149915:3)\n    at retry (http://localhost:46039/__cypress/runner/cypress_runner.js:144197:19)\n    at onFailFn (http://localhost:46039/__cypress/runner/cypress_runner.js:132448:16)\n    at tryCatcher (http://localhost:46039/__cypress/runner/cypress_runner.js:167415:23)\n    at Promise._settlePromiseFromHandler (http://localhost:46039/__cypress/runner/cypress_runner.js:165351:31)\n    at Promise._settlePromise (http://localhost:46039/__cypress/runner/cypress_runner.js:165408:18)\n    at Promise._settlePromise0 (http://localhost:46039/__cypress/runner/cypress_runner.js:165453:10)\n    at Promise._settlePromises (http://localhost:46039/__cypress/runner/cypress_runner.js:165528:18)\n    at Async../node_modules/bluebird/js/release/async.js.Async._drainQueue (http://localhost:46039/__cypress/runner/cypress_runner.js:162140:16)\n    at Async../node_modules/bluebird/js/release/async.js.Async._drainQueues (http://localhost:46039/__cypress/runner/cypress_runner.js:162150:10)\n    at Async.drainQueues (http://localhost:46039/__cypress/runner/cypress_runner.js:162024:14)",
                "diff": null
              },
              "uuid": "519660b7-6525-4fa7-a117-bc8f846d0762",
              "parentUUID": "6e6de347-b527-4459-9d18-fdfe02cff39b",
              "isHook": false,
              "skipped": false
            }
          ],
          "suites": [],
          "passes": [],
          "failures": [
            "6a0e0a48-9108-494a-8572-64acff34571c",
            "15d12af6-d4cf-47fb-81e3-15d5c8280d5d",
            "519660b7-6525-4fa7-a117-bc8f846d0762"
          ],
          "pending": [],
          "skipped": [],
          "duration": 12751,
          "root": false,
          "rootEmpty": false,
          "_timeout": 2000
        },
        {
          "uuid": "2651c8ad-f272-4b5d-a9e5-1b5e3d53ee9a",
          "title": "12 - Faça com que as cores da paleta sejam geradas aleatoriamente ao carregar a página.",
          "fullFile": "",
          "file": "",
          "beforeHooks": [],
          "afterHooks": [],
          "tests": [
            {
              "title": "Verifica se as cores geradas na paleta são diferentes a cada carregamento da página",
              "fullTitle": "12 - Faça com que as cores da paleta sejam geradas aleatoriamente ao carregar a página. Verifica se as cores geradas na paleta são diferentes a cada carregamento da página",
              "timedOut": null,
              "duration": 288,
              "state": "failed",
              "speed": null,
              "pass": false,
              "fail": true,
              "pending": false,
              "context": null,
              "code": "cy.get('.color').then(function (colors) {\n  var currentColors;\n  var previousColors;\n  previousColors = Array.from(colors).map(function (color) {\n    return Cypress.$(color).css('background-color');\n  });\n  for (var i = 0; i < 5; i += 1) {\n    cy.reload();\n    cy.get('.color').then(function (colors) {\n      currentColors = Array.from(colors).map(function (color) {\n        return Cypress.$(color).css('background-color');\n      });\n      expect(currentColors).not.to.deep.equal(previousColors);\n      previousColors = currentColors;\n    });\n  }\n});",
              "err": {
                "message": "AssertionError: expected [ Array(4) ] to not deeply equal [ Array(4) ]",
                "estack": "AssertionError: expected [ Array(4) ] to not deeply equal [ Array(4) ]\n    at getRet (http://localhost:46039/__cypress/runner/cypress_runner.js:136585:16)\n    at tryCatcher (http://localhost:46039/__cypress/runner/cypress_runner.js:167415:23)\n    at Function.Promise.attempt.Promise.try (http://localhost:46039/__cypress/runner/cypress_runner.js:164690:29)\n    at Context.thenFn (http://localhost:46039/__cypress/runner/cypress_runner.js:136599:23)\n    at Context.then (http://localhost:46039/__cypress/runner/cypress_runner.js:136971:21)\n    at Context.<anonymous> (http://localhost:46039/__cypress/runner/cypress_runner.js:148875:21)\n    at http://localhost:46039/__cypress/runner/cypress_runner.js:148351:33\n    at tryCatcher (http://localhost:46039/__cypress/runner/cypress_runner.js:167415:23)\n    at Promise._settlePromiseFromHandler (http://localhost:46039/__cypress/runner/cypress_runner.js:165351:31)\n    at Promise._settlePromise (http://localhost:46039/__cypress/runner/cypress_runner.js:165408:18)\n    at Promise._settlePromiseCtx (http://localhost:46039/__cypress/runner/cypress_runner.js:165445:10)\n    at Async../node_modules/bluebird/js/release/async.js.Async._drainQueue (http://localhost:46039/__cypress/runner/cypress_runner.js:162145:12)\n    at Async../node_modules/bluebird/js/release/async.js.Async._drainQueues (http://localhost:46039/__cypress/runner/cypress_runner.js:162150:10)\n    at Async.drainQueues (http://localhost:46039/__cypress/runner/cypress_runner.js:162024:14)",
                "diff": ""
              },
              "uuid": "a29791dd-afc6-4b8c-b721-cd329e54d5ef",
              "parentUUID": "2651c8ad-f272-4b5d-a9e5-1b5e3d53ee9a",
              "isHook": false,
              "skipped": false
            },
            {
              "title": "Verifica se a cor preta ainda está presente e é a primeira na sua paleta de cores",
              "fullTitle": "12 - Faça com que as cores da paleta sejam geradas aleatoriamente ao carregar a página. Verifica se a cor preta ainda está presente e é a primeira na sua paleta de cores",
              "timedOut": null,
              "duration": 270,
              "state": "failed",
              "speed": null,
              "pass": false,
              "fail": true,
              "pending": false,
              "context": null,
              "code": "cy.get('.color').then(function (colors) {\n  var currentColors;\n  var previousColors;\n  previousColors = Array.from(colors).map(function (color) {\n    return Cypress.$(color).css('background-color');\n  });\n  expect(previousColors[0]).to.eq(BLACK);\n  for (var i = 0; i < 5; i += 1) {\n    cy.reload();\n    cy.get('.color').then(function (colors) {\n      currentColors = Array.from(colors).map(function (color) {\n        return Cypress.$(color).css('background-color');\n      });\n      expect(currentColors[0]).to.eq(BLACK);\n      expect(currentColors).not.to.deep.equal(previousColors);\n      previousColors = currentColors;\n    });\n  }\n});",
              "err": {
                "message": "AssertionError: expected [ Array(4) ] to not deeply equal [ Array(4) ]",
                "estack": "AssertionError: expected [ Array(4) ] to not deeply equal [ Array(4) ]\n    at getRet (http://localhost:46039/__cypress/runner/cypress_runner.js:136585:16)\n    at tryCatcher (http://localhost:46039/__cypress/runner/cypress_runner.js:167415:23)\n    at Function.Promise.attempt.Promise.try (http://localhost:46039/__cypress/runner/cypress_runner.js:164690:29)\n    at Context.thenFn (http://localhost:46039/__cypress/runner/cypress_runner.js:136599:23)\n    at Context.then (http://localhost:46039/__cypress/runner/cypress_runner.js:136971:21)\n    at Context.<anonymous> (http://localhost:46039/__cypress/runner/cypress_runner.js:148875:21)\n    at http://localhost:46039/__cypress/runner/cypress_runner.js:148351:33\n    at tryCatcher (http://localhost:46039/__cypress/runner/cypress_runner.js:167415:23)\n    at Promise._settlePromiseFromHandler (http://localhost:46039/__cypress/runner/cypress_runner.js:165351:31)\n    at Promise._settlePromise (http://localhost:46039/__cypress/runner/cypress_runner.js:165408:18)\n    at Promise._settlePromiseCtx (http://localhost:46039/__cypress/runner/cypress_runner.js:165445:10)\n    at Async../node_modules/bluebird/js/release/async.js.Async._drainQueue (http://localhost:46039/__cypress/runner/cypress_runner.js:162145:12)\n    at Async../node_modules/bluebird/js/release/async.js.Async._drainQueues (http://localhost:46039/__cypress/runner/cypress_runner.js:162150:10)\n    at Async.drainQueues (http://localhost:46039/__cypress/runner/cypress_runner.js:162024:14)",
                "diff": ""
              },
              "uuid": "6518416e-0655-489b-b1c4-fe942aaaffe8",
              "parentUUID": "2651c8ad-f272-4b5d-a9e5-1b5e3d53ee9a",
              "isHook": false,
              "skipped": false
            }
          ],
          "suites": [],
          "passes": [],
          "failures": [
            "a29791dd-afc6-4b8c-b721-cd329e54d5ef",
            "6518416e-0655-489b-b1c4-fe942aaaffe8"
          ],
          "pending": [],
          "skipped": [],
          "duration": 558,
          "root": false,
          "rootEmpty": false,
          "_timeout": 2000
        }
      ],
      "passes": [],
      "failures": [],
      "pending": [],
      "skipped": [],
      "duration": 0,
      "root": true,
      "rootEmpty": true,
      "_timeout": 2000
    }
  ],
  "meta": {
    "mocha": {
      "version": "7.0.1"
    },
    "mochawesome": {
      "options": {
        "quiet": false,
        "reportFilename": "mochawesome",
        "saveHtml": false,
        "saveJson": true,
        "consoleReporter": "spec",
        "useInlineDiffs": false
      },
      "version": "4.1.0"
    },
    "marge": {
      "options": {
        "id": "default",
        "reportDir": "cypress/reports",
        "overwrite": true,
        "html": false,
        "json": true
      },
      "version": "4.1.0"
    }
  }
}